2020-10-19 15:14:21.953  INFO 2812 --- [main] com.zephyr.EurekaServerApplication       : No active profile set, falling back to default profiles: default
2020-10-19 15:14:22.738  WARN 2812 --- [main] o.s.boot.actuate.endpoint.EndpointId     : Endpoint ID 'service-registry' contains invalid characters, please migrate to a valid format.
2020-10-19 15:14:22.825  INFO 2812 --- [main] o.s.cloud.context.scope.GenericScope     : BeanFactory id=06adc976-e747-3be6-a198-a1feaf010131
2020-10-19 15:14:23.193  INFO 2812 --- [main] o.s.b.w.embedded.tomcat.TomcatWebServer  : Tomcat initialized with port(s): 8761 (http)
2020-10-19 15:14:23.200  INFO 2812 --- [main] o.apache.catalina.core.StandardService   : Starting service [Tomcat]
2020-10-19 15:14:23.201  INFO 2812 --- [main] org.apache.catalina.core.StandardEngine  : Starting Servlet engine: [Apache Tomcat/9.0.29]
2020-10-19 15:14:23.330  INFO 2812 --- [main] o.a.c.c.C.[Tomcat].[localhost].[/]       : Initializing Spring embedded WebApplicationContext
2020-10-19 15:14:23.330  INFO 2812 --- [main] o.s.web.context.ContextLoader            : Root WebApplicationContext: initialization completed in 1360 ms
2020-10-19 15:14:23.442  WARN 2812 --- [main] c.n.c.sources.URLConfigurationSource     : No URLs will be polled as dynamic configuration sources.
2020-10-19 15:14:23.442  INFO 2812 --- [main] c.n.c.sources.URLConfigurationSource     : To enable URLs as dynamic configuration sources, define System property archaius.configurationSource.additionalUrls or make config.properties available on classpath.
2020-10-19 15:14:23.449  INFO 2812 --- [main] c.netflix.config.DynamicPropertyFactory  : DynamicPropertyFactory is initialized with configuration sources: com.netflix.config.ConcurrentCompositeConfiguration@c6b2dd9
2020-10-19 15:14:24.156  INFO 2812 --- [main] c.s.j.s.i.a.WebApplicationImpl           : Initiating Jersey application, version 'Jersey: 1.19.1 03/11/2016 02:08 PM'
2020-10-19 15:14:24.203  INFO 2812 --- [main] c.n.d.provider.DiscoveryJerseyProvider   : Using JSON encoding codec LegacyJacksonJson
2020-10-19 15:14:24.204  INFO 2812 --- [main] c.n.d.provider.DiscoveryJerseyProvider   : Using JSON decoding codec LegacyJacksonJson
2020-10-19 15:14:24.331  INFO 2812 --- [main] c.n.d.provider.DiscoveryJerseyProvider   : Using XML encoding codec XStreamXml
2020-10-19 15:14:24.331  INFO 2812 --- [main] c.n.d.provider.DiscoveryJerseyProvider   : Using XML decoding codec XStreamXml
2020-10-19 15:14:24.826  WARN 2812 --- [main] c.n.c.sources.URLConfigurationSource     : No URLs will be polled as dynamic configuration sources.
2020-10-19 15:14:24.826  INFO 2812 --- [main] c.n.c.sources.URLConfigurationSource     : To enable URLs as dynamic configuration sources, define System property archaius.configurationSource.additionalUrls or make config.properties available on classpath.
2020-10-19 15:14:24.936  INFO 2812 --- [main] o.s.s.concurrent.ThreadPoolTaskExecutor  : Initializing ExecutorService 'applicationTaskExecutor'
2020-10-19 15:14:25.509  WARN 2812 --- [main] ockingLoadBalancerClientRibbonWarnLogger : You already have RibbonLoadBalancerClient on your classpath. It will be used by default. As Spring Cloud Ribbon is in maintenance mode. We recommend switching to BlockingLoadBalancerClient instead. In order to use it, set the value of `spring.cloud.loadbalancer.ribbon.enabled` to `false` or remove spring-cloud-starter-netflix-ribbon from your project.
2020-10-19 15:14:25.545  INFO 2812 --- [main] o.s.c.n.eureka.InstanceInfoFactory       : Setting initial instance status as: STARTING
2020-10-19 15:14:25.563  INFO 2812 --- [main] com.netflix.discovery.DiscoveryClient    : Initializing Eureka in region us-east-1
2020-10-19 15:14:25.563  INFO 2812 --- [main] com.netflix.discovery.DiscoveryClient    : Client configured to neither register nor query for data.
2020-10-19 15:14:25.569  INFO 2812 --- [main] com.netflix.discovery.DiscoveryClient    : Discovery Client initialized at timestamp 1603091665568 with initial instances count: 0
2020-10-19 15:14:25.593  INFO 2812 --- [main] c.n.eureka.DefaultEurekaServerContext    : Initializing ...
2020-10-19 15:14:25.595  WARN 2812 --- [main] c.n.eureka.cluster.PeerEurekaNodes       : The replica size seems to be empty. Check the route 53 DNS Registry
2020-10-19 15:14:25.606  INFO 2812 --- [main] c.n.e.registry.AbstractInstanceRegistry  : Finished initializing remote region registries. All known remote regions: []
2020-10-19 15:14:25.607  INFO 2812 --- [main] c.n.eureka.DefaultEurekaServerContext    : Initialized
2020-10-19 15:14:25.619  INFO 2812 --- [main] o.s.b.a.e.web.EndpointLinksResolver      : Exposing 19 endpoint(s) beneath base path '/actuator'
2020-10-19 15:14:25.678  INFO 2812 --- [main] o.s.c.n.e.s.EurekaServiceRegistry        : Registering application EUREKA-SERVER with eureka with status UP
2020-10-19 15:14:25.679  INFO 2812 --- [Thread-20] o.s.c.n.e.server.EurekaServerBootstrap   : Setting the eureka configuration..
2020-10-19 15:14:25.680  INFO 2812 --- [Thread-20] o.s.c.n.e.server.EurekaServerBootstrap   : Eureka data center value eureka.datacenter is not set, defaulting to default
2020-10-19 15:14:25.680  INFO 2812 --- [Thread-20] o.s.c.n.e.server.EurekaServerBootstrap   : Eureka environment value eureka.environment is not set, defaulting to test
2020-10-19 15:14:25.686  INFO 2812 --- [Thread-20] o.s.c.n.e.server.EurekaServerBootstrap   : isAws returned false
2020-10-19 15:14:25.686  INFO 2812 --- [Thread-20] o.s.c.n.e.server.EurekaServerBootstrap   : Initialized server context
2020-10-19 15:14:25.687  INFO 2812 --- [Thread-20] c.n.e.r.PeerAwareInstanceRegistryImpl    : Got 1 instances from neighboring DS node
2020-10-19 15:14:25.687  INFO 2812 --- [Thread-20] c.n.e.r.PeerAwareInstanceRegistryImpl    : Renew threshold is: 1
2020-10-19 15:14:25.687  INFO 2812 --- [Thread-20] c.n.e.r.PeerAwareInstanceRegistryImpl    : Changing status to UP
2020-10-19 15:14:25.694  INFO 2812 --- [Thread-20] e.s.EurekaServerInitializerConfiguration : Started Eureka Server
2020-10-19 15:14:25.709  INFO 2812 --- [main] o.s.b.w.embedded.tomcat.TomcatWebServer  : Tomcat started on port(s): 8761 (http) with context path ''
2020-10-19 15:14:25.710  INFO 2812 --- [main] .s.c.n.e.s.EurekaAutoServiceRegistration : Updating port to 8761
2020-10-19 15:14:25.831  INFO 2812 --- [main] com.zephyr.EurekaServerApplication       : Started EurekaServerApplication in 5.014 seconds (JVM running for 5.705)
2020-10-19 15:14:26.197  INFO 2812 --- [RMI TCP Connection(1)-192.168.191.1] o.a.c.c.C.[Tomcat].[localhost].[/]       : Initializing Spring DispatcherServlet 'dispatcherServlet'
2020-10-19 15:14:26.198  INFO 2812 --- [RMI TCP Connection(1)-192.168.191.1] o.s.web.servlet.DispatcherServlet        : Initializing Servlet 'dispatcherServlet'
2020-10-19 15:14:26.222  INFO 2812 --- [RMI TCP Connection(1)-192.168.191.1] o.s.web.servlet.DispatcherServlet        : Completed initialization in 24 ms
2020-10-19 15:14:48.945  INFO 2812 --- [http-nio-8761-exec-2] c.n.e.registry.AbstractInstanceRegistry  : Registered instance EUREKA-CLIENT/ZB-TS-201907-00418.kingdee.gbl:eureka-client:8091 with status UP (replication=false)
2020-10-19 15:15:01.732  INFO 2812 --- [http-nio-8761-exec-8] c.n.e.registry.AbstractInstanceRegistry  : Registered instance FEIGN-CLIENT/ZB-TS-201907-00418.kingdee.gbl:feign-client:8082 with status UP (replication=false)
2020-10-19 15:15:25.688  INFO 2812 --- [Eureka-EvictionTimer] c.n.e.registry.AbstractInstanceRegistry  : Running the evict task with compensationTime 0ms
